RUN	com.mpbauer.serverless.samples.cloudrun.SpringPetclinicSlimCloudRunJVMColdStart	springpetclinicslimcloudrunjvmcoldstart	1619868122049	 	3.5.1
USER	Google Cloud Run - Spring Petclinic Slim JVM - Cold Start Testing	START	1619868124085
REQUEST		Get Owner	1619868124258	1619868151481	OK	 
REQUEST		Get Owner	1619869082242	1619869107365	OK	 
REQUEST		Get Owner	1619870037367	1619870062888	OK	 
REQUEST		Get Owner	1619870992891	1619871017092	OK	 
REQUEST		Get Owner	1619871947095	1619871972363	OK	 
REQUEST		Get Owner	1619872902365	1619872927980	OK	 
REQUEST		Get Owner	1619873857982	1619873883300	OK	 
REQUEST		Get Owner	1619874813302	1619874838489	OK	 
REQUEST		Get Owner	1619875768492	1619875792969	OK	 
REQUEST		Get Owner	1619876722971	1619876748864	OK	 
REQUEST		Get Owner	1619877678867	1619877703774	OK	 
REQUEST		Get Owner	1619878633777	1619878659489	OK	 
REQUEST		Get Owner	1619879589491	1619879615779	OK	 
REQUEST		Get Owner	1619880545781	1619880570701	OK	 
REQUEST		Get Owner	1619881500703	1619881525855	OK	 
REQUEST		Get Owner	1619882455858	1619882482099	OK	 
REQUEST		Get Owner	1619883412102	1619883412377	OK	 
REQUEST		Get Owner	1619884342380	1619884367803	OK	 
REQUEST		Get Owner	1619885297806	1619885323077	OK	 
REQUEST		Get Owner	1619886253079	1619886278663	OK	 
REQUEST		Get Owner	1619887208665	1619887233701	OK	 
REQUEST		Get Owner	1619888163704	1619888189202	OK	 
REQUEST		Get Owner	1619889119205	1619889144576	OK	 
REQUEST		Get Owner	1619890074579	1619890100058	OK	 
REQUEST		Get Owner	1619891030061	1619891055972	OK	 
REQUEST		Get Owner	1619891985975	1619892012494	OK	 
REQUEST		Get Owner	1619892942497	1619892968791	OK	 
REQUEST		Get Owner	1619893898794	1619893924777	OK	 
REQUEST		Get Owner	1619894854780	1619894880202	OK	 
REQUEST		Get Owner	1619895810204	1619895835998	OK	 
REQUEST		Get Owner	1619896766001	1619896791266	OK	 
REQUEST		Get Owner	1619897721268	1619897746671	OK	 
REQUEST		Get Owner	1619898676674	1619898701779	OK	 
REQUEST		Get Owner	1619899631781	1619899658291	OK	 
REQUEST		Get Owner	1619900588294	1619900613772	OK	 
REQUEST		Get Owner	1619901543774	1619901569702	OK	 
REQUEST		Get Owner	1619902499705	1619902525572	OK	 
REQUEST		Get Owner	1619903455576	1619903480965	OK	 
REQUEST		Get Owner	1619904410968	1619904435966	OK	 
REQUEST		Get Owner	1619905365969	1619905391880	OK	 
REQUEST		Get Owner	1619906321885	1619906346974	OK	 
REQUEST		Get Owner	1619907276977	1619907302975	OK	 
REQUEST		Get Owner	1619908232978	1619908259682	OK	 
REQUEST		Get Owner	1619909189684	1619909214586	OK	 
REQUEST		Get Owner	1619910144588	1619910169993	OK	 
REQUEST		Get Owner	1619911099996	1619911125378	OK	 
REQUEST		Get Owner	1619912055381	1619912080986	OK	 
REQUEST		Get Owner	1619913010989	1619913035907	OK	 
REQUEST		Get Owner	1619913965909	1619913991157	OK	 
REQUEST		Get Owner	1619914921160	1619914946560	OK	 
REQUEST		Get Owner	1619915876563	1619915902264	OK	 
REQUEST		Get Owner	1619916832267	1619916857559	OK	 
REQUEST		Get Owner	1619917787563	1619917813162	OK	 
REQUEST		Get Owner	1619918743164	1619918769374	OK	 
REQUEST		Get Owner	1619919699377	1619919724073	OK	 
REQUEST		Get Owner	1619920654075	1619920679915	OK	 
REQUEST		Get Owner	1619921609918	1619921635068	OK	 
REQUEST		Get Owner	1619922565070	1619922590702	OK	 
REQUEST		Get Owner	1619923520704	1619923546659	OK	 
REQUEST		Get Owner	1619924476662	1619924476818	OK	 
REQUEST		Get Owner	1619925406821	1619925432665	OK	 
REQUEST		Get Owner	1619926362668	1619926388079	OK	 
REQUEST		Get Owner	1619927318083	1619927343990	OK	 
REQUEST		Get Owner	1619928273993	1619928299183	OK	 
REQUEST		Get Owner	1619929229187	1619929254379	OK	 
REQUEST		Get Owner	1619930184382	1619930209678	OK	 
REQUEST		Get Owner	1619931139682	1619931165084	OK	 
REQUEST		Get Owner	1619932095088	1619932095214	OK	 
REQUEST		Get Owner	1619933025217	1619933050664	OK	 
REQUEST		Get Owner	1619933980667	1619934005986	OK	 
REQUEST		Get Owner	1619934935989	1619934961183	OK	 
REQUEST		Get Owner	1619935891186	1619935916578	OK	 
REQUEST		Get Owner	1619936846581	1619936871564	OK	 
REQUEST		Get Owner	1619937801566	1619937801705	OK	 
REQUEST		Get Owner	1619938731708	1619938756803	OK	 
REQUEST		Get Owner	1619939686807	1619939712460	OK	 
REQUEST		Get Owner	1619940642462	1619940668256	OK	 
REQUEST		Get Owner	1619941598259	1619941623664	OK	 
REQUEST		Get Owner	1619942553667	1619942579174	OK	 
REQUEST		Get Owner	1619943509177	1619943534480	OK	 
REQUEST		Get Owner	1619944464483	1619944489508	OK	 
REQUEST		Get Owner	1619945419511	1619945444673	OK	 
REQUEST		Get Owner	1619946374677	1619946399665	OK	 
REQUEST		Get Owner	1619947329668	1619947355786	OK	 
REQUEST		Get Owner	1619948285789	1619948310591	OK	 
REQUEST		Get Owner	1619949240595	1619949266665	OK	 
REQUEST		Get Owner	1619950196668	1619950224161	OK	 
REQUEST		Get Owner	1619951154164	1619951179958	OK	 
REQUEST		Get Owner	1619952109960	1619952110096	OK	 
REQUEST		Get Owner	1619953040098	1619953066695	OK	 
REQUEST		Get Owner	1619953996698	1619953996844	OK	 
REQUEST		Get Owner	1619954926846	1619954951685	OK	 
REQUEST		Get Owner	1619955881688	1619955906485	OK	 
REQUEST		Get Owner	1619956836489	1619956836613	OK	 
REQUEST		Get Owner	1619957766616	1619957791460	OK	 
REQUEST		Get Owner	1619958721463	1619958746779	OK	 
REQUEST		Get Owner	1619959676782	1619959702079	OK	 
REQUEST		Get Owner	1619960632082	1619960657371	OK	 
REQUEST		Get Owner	1619961587375	1619961613876	OK	 
REQUEST		Get Owner	1619962543879	1619962570974	OK	 
REQUEST		Get Owner	1619963500977	1619963526671	OK	 
REQUEST		Get Owner	1619964456674	1619964482476	OK	 
REQUEST		Get Owner	1619965412479	1619965412622	OK	 
REQUEST		Get Owner	1619966342625	1619966370370	OK	 
REQUEST		Get Owner	1619967300374	1619967325582	OK	 
REQUEST		Get Owner	1619968255585	1619968281510	OK	 
REQUEST		Get Owner	1619969211513	1619969237979	OK	 
REQUEST		Get Owner	1619970167981	1619970194382	OK	 
REQUEST		Get Owner	1619971124385	1619971124555	OK	 
REQUEST		Get Owner	1619972054558	1619972081180	OK	 
REQUEST		Get Owner	1619973011182	1619973011328	OK	 
REQUEST		Get Owner	1619973941331	1619973966871	OK	 
REQUEST		Get Owner	1619974896875	1619974921592	OK	 
REQUEST		Get Owner	1619975851595	1619975877096	OK	 
REQUEST		Get Owner	1619976807100	1619976832803	OK	 
REQUEST		Get Owner	1619977762806	1619977787766	OK	 
REQUEST		Get Owner	1619978717769	1619978744787	OK	 
REQUEST		Get Owner	1619979674791	1619979674998	OK	 
REQUEST		Get Owner	1619980605002	1619980630080	OK	 
REQUEST		Get Owner	1619981560083	1619981586274	OK	 
REQUEST		Get Owner	1619982516277	1619982544269	OK	 
REQUEST		Get Owner	1619983474274	1619983499790	OK	 
REQUEST		Get Owner	1619984429793	1619984455603	OK	 
REQUEST		Get Owner	1619985385606	1619985410561	OK	 
REQUEST		Get Owner	1619986340564	1619986366782	OK	 
REQUEST		Get Owner	1619987296788	1619987322771	OK	 
REQUEST		Get Owner	1619988252775	1619988278460	OK	 
REQUEST		Get Owner	1619989208463	1619989234679	OK	 
REQUEST		Get Owner	1619990164686	1619990190074	OK	 
REQUEST		Get Owner	1619991120077	1619991145296	OK	 
REQUEST		Get Owner	1619992075298	1619992101284	OK	 
REQUEST		Get Owner	1619993031286	1619993055874	OK	 
REQUEST		Get Owner	1619993985876	1619994010892	OK	 
REQUEST		Get Owner	1619994940894	1619994966893	OK	 
REQUEST		Get Owner	1619995896896	1619995922078	OK	 
REQUEST		Get Owner	1619996852081	1619996877663	OK	 
REQUEST		Get Owner	1619997807667	1619997833561	OK	 
REQUEST		Get Owner	1619998763563	1619998788372	OK	 
REQUEST		Get Owner	1619999718375	1619999743712	OK	 
REQUEST		Get Owner	1620000673715	1620000699301	OK	 
REQUEST		Get Owner	1620001629304	1620001654988	OK	 
REQUEST		Get Owner	1620002584991	1620002614184	OK	 
REQUEST		Get Owner	1620003544187	1620003569397	OK	 
REQUEST		Get Owner	1620004499400	1620004523695	OK	 
REQUEST		Get Owner	1620005453697	1620005479381	OK	 
REQUEST		Get Owner	1620006409384	1620006434091	OK	 
REQUEST		Get Owner	1620007364094	1620007364239	OK	 
REQUEST		Get Owner	1620008294242	1620008294454	OK	 
REQUEST		Get Owner	1620009224457	1620009250276	OK	 
REQUEST		Get Owner	1620010180279	1620010205870	OK	 
REQUEST		Get Owner	1620011135873	1620011136075	OK	 
REQUEST		Get Owner	1620012066077	1620012090856	OK	 
REQUEST		Get Owner	1620013020859	1620013046063	OK	 
REQUEST		Get Owner	1620013976066	1620014001583	OK	 
REQUEST		Get Owner	1620014931587	1620014956273	OK	 
REQUEST		Get Owner	1620015886276	1620015911085	OK	 
REQUEST		Get Owner	1620016841088	1620016865999	OK	 
REQUEST		Get Owner	1620017796002	1620017820477	OK	 
REQUEST		Get Owner	1620018750481	1620018750602	OK	 
REQUEST		Get Owner	1620019680605	1620019705063	OK	 
REQUEST		Get Owner	1620020635066	1620020660688	OK	 
REQUEST		Get Owner	1620021590691	1620021614459	OK	 
REQUEST		Get Owner	1620022544462	1620022570180	OK	 
REQUEST		Get Owner	1620023500183	1620023525064	OK	 
REQUEST		Get Owner	1620024455066	1620024455175	OK	 
REQUEST		Get Owner	1620025385177	1620025409900	OK	 
REQUEST		Get Owner	1620026339903	1620026340011	OK	 
REQUEST		Get Owner	1620027270014	1620027270162	OK	 
REQUEST		Get Owner	1620028200165	1620028224469	OK	 
REQUEST		Get Owner	1620029154472	1620029178371	OK	 
REQUEST		Get Owner	1620030108376	1620030108491	OK	 
REQUEST		Get Owner	1620031038494	1620031063301	OK	 
REQUEST		Get Owner	1620031993304	1620032018777	OK	 
REQUEST		Get Owner	1620032948780	1620032948883	OK	 
REQUEST		Get Owner	1620033878886	1620033905059	OK	 
REQUEST		Get Owner	1620034835062	1620034859996	OK	 
REQUEST		Get Owner	1620035789999	1620035814881	OK	 
REQUEST		Get Owner	1620036744884	1620036769468	OK	 
REQUEST		Get Owner	1620037699471	1620037725077	OK	 
REQUEST		Get Owner	1620038655080	1620038680002	OK	 
REQUEST		Get Owner	1620039610006	1620039634461	OK	 
REQUEST		Get Owner	1620040564464	1620040589687	OK	 
REQUEST		Get Owner	1620041519690	1620041543694	OK	 
REQUEST		Get Owner	1620042473697	1620042502112	OK	 
REQUEST		Get Owner	1620043432115	1620043456471	OK	 
REQUEST		Get Owner	1620044386474	1620044412162	OK	 
REQUEST		Get Owner	1620045342166	1620045367296	OK	 
REQUEST		Get Owner	1620046297298	1620046320503	OK	 
REQUEST		Get Owner	1620047250506	1620047275083	OK	 
REQUEST		Get Owner	1620048205086	1620048229794	OK	 
REQUEST		Get Owner	1620049159798	1620049184272	OK	 
REQUEST		Get Owner	1620050114276	1620050137966	OK	 
REQUEST		Get Owner	1620051067970	1620051068111	OK	 
REQUEST		Get Owner	1620051998114	1620052023882	OK	 
REQUEST		Get Owner	1620052953885	1620052954145	OK	 
REQUEST		Get Owner	1620053884149	1620053884390	OK	 
REQUEST		Get Owner	1620054814393	1620054838771	OK	 
REQUEST		Get Owner	1620055768774	1620055793192	OK	 
REQUEST		Get Owner	1620056723195	1620056748099	OK	 
REQUEST		Get Owner	1620057678102	1620057678218	OK	 
REQUEST		Get Owner	1620058608221	1620058633998	OK	 
REQUEST		Get Owner	1620059564001	1620059589501	OK	 
REQUEST		Get Owner	1620060519505	1620060544114	OK	 
REQUEST		Get Owner	1620061474118	1620061502173	OK	 
REQUEST		Get Owner	1620062432176	1620062457686	OK	 
REQUEST		Get Owner	1620063387690	1620063387796	OK	 
REQUEST		Get Owner	1620064317800	1620064342867	OK	 
REQUEST		Get Owner	1620065272871	1620065298668	OK	 
REQUEST		Get Owner	1620066228671	1620066228890	OK	 
REQUEST		Get Owner	1620067158893	1620067183284	OK	 
REQUEST		Get Owner	1620068113287	1620068137692	OK	 
REQUEST		Get Owner	1620069067694	1620069092882	OK	 
REQUEST		Get Owner	1620070022885	1620070023077	OK	 
REQUEST		Get Owner	1620070953080	1620070976682	OK	 
REQUEST		Get Owner	1620071906685	1620071932216	OK	 
REQUEST		Get Owner	1620072862219	1620072887662	OK	 
REQUEST		Get Owner	1620073817664	1620073843298	OK	 
REQUEST		Get Owner	1620074773302	1620074799560	OK	 
REQUEST		Get Owner	1620075729562	1620075754866	OK	 
REQUEST		Get Owner	1620076684869	1620076684997	OK	 
REQUEST		Get Owner	1620077615000	1620077640059	OK	 
REQUEST		Get Owner	1620078570062	1620078594567	OK	 
REQUEST		Get Owner	1620079524570	1620079550993	OK	 
REQUEST		Get Owner	1620080480995	1620080507891	OK	 
REQUEST		Get Owner	1620081437893	1620081438085	OK	 
REQUEST		Get Owner	1620082368087	1620082394466	OK	 
REQUEST		Get Owner	1620083324468	1620083351114	OK	 
REQUEST		Get Owner	1620084281116	1620084309575	OK	 
REQUEST		Get Owner	1620085239579	1620085266969	OK	 
REQUEST		Get Owner	1620086196973	1620086224485	OK	 
REQUEST		Get Owner	1620087154487	1620087181366	OK	 
REQUEST		Get Owner	1620088111369	1620088141677	OK	 
REQUEST		Get Owner	1620089071680	1620089093587	OK	 
REQUEST		Get Owner	1620090023589	1620090049084	OK	 
REQUEST		Get Owner	1620090979086	1620091002492	OK	 
REQUEST		Get Owner	1620091932495	1620091957315	OK	 
REQUEST		Get Owner	1620092887319	1620092913798	OK	 
REQUEST		Get Owner	1620093843801	1620093868874	OK	 
REQUEST		Get Owner	1620094798877	1620094823690	OK	 
REQUEST		Get Owner	1620095753694	1620095778366	OK	 
REQUEST		Get Owner	1620096708369	1620096732985	OK	 
REQUEST		Get Owner	1620097662987	1620097685981	OK	 
REQUEST		Get Owner	1620098615984	1620098639657	OK	 
REQUEST		Get Owner	1620099569660	1620099594585	OK	 
REQUEST		Get Owner	1620100524588	1620100547668	OK	 
REQUEST		Get Owner	1620101477671	1620101502882	OK	 
REQUEST		Get Owner	1620102432885	1620102456980	OK	 
REQUEST		Get Owner	1620103386985	1620103410790	OK	 
REQUEST		Get Owner	1620104340793	1620104364664	OK	 
REQUEST		Get Owner	1620105294669	1620105318481	OK	 
REQUEST		Get Owner	1620106248484	1620106270493	OK	 
REQUEST		Get Owner	1620107200497	1620107222671	OK	 
REQUEST		Get Owner	1620108152675	1620108152847	OK	 
REQUEST		Get Owner	1620109082853	1620109105508	OK	 
REQUEST		Get Owner	1620110035512	1620110058103	OK	 
REQUEST		Get Owner	1620110988109	1620111010670	OK	 
REQUEST		Get Owner	1620111940675	1620111940803	OK	 
REQUEST		Get Owner	1620112870808	1620112893187	OK	 
REQUEST		Get Owner	1620113823191	1620113845553	OK	 
REQUEST		Get Owner	1620114775556	1620114799395	OK	 
REQUEST		Get Owner	1620115729397	1620115753180	OK	 
REQUEST		Get Owner	1620116683182	1620116707465	OK	 
REQUEST		Get Owner	1620117637468	1620117661071	OK	 
REQUEST		Get Owner	1620118591074	1620118613606	OK	 
REQUEST		Get Owner	1620119543609	1620119565889	OK	 
REQUEST		Get Owner	1620120495892	1620120518491	OK	 
REQUEST		Get Owner	1620121448494	1620121470965	OK	 
REQUEST		Get Owner	1620122400968	1620122423769	OK	 
REQUEST		Get Owner	1620123353772	1620123378812	OK	 
REQUEST		Get Owner	1620124308815	1620124333479	OK	 
REQUEST		Get Owner	1620125263482	1620125286086	OK	 
REQUEST		Get Owner	1620126216089	1620126238572	OK	 
REQUEST		Get Owner	1620127168574	1620127191257	OK	 
REQUEST		Get Owner	1620128121259	1620128149710	OK	 
REQUEST		Get Owner	1620129079715	1620129079949	OK	 
REQUEST		Get Owner	1620130009952	1620130032581	OK	 
REQUEST		Get Owner	1620130962584	1620130962700	OK	 
REQUEST		Get Owner	1620131892703	1620131915878	OK	 
REQUEST		Get Owner	1620132845881	1620132868065	OK	 
REQUEST		Get Owner	1620133798067	1620133821500	OK	 
REQUEST		Get Owner	1620134751503	1620134774490	OK	 
REQUEST		Get Owner	1620135704492	1620135726902	OK	 
REQUEST		Get Owner	1620136656906	1620136679388	OK	 
REQUEST		Get Owner	1620137609390	1620137632064	OK	 
REQUEST		Get Owner	1620138562067	1620138586080	OK	 
REQUEST		Get Owner	1620139516083	1620139539378	OK	 
REQUEST		Get Owner	1620140469382	1620140491470	OK	 
REQUEST		Get Owner	1620141421474	1620141421602	OK	 
REQUEST		Get Owner	1620142351604	1620142374767	OK	 
REQUEST		Get Owner	1620143304770	1620143327377	OK	 
REQUEST		Get Owner	1620144257380	1620144280288	OK	 
REQUEST		Get Owner	1620145210291	1620145232890	OK	 
REQUEST		Get Owner	1620146162893	1620146186571	OK	 
REQUEST		Get Owner	1620147116573	1620147140203	OK	 
REQUEST		Get Owner	1620148070208	1620148093768	OK	 
REQUEST		Get Owner	1620149023771	1620149047256	OK	 
REQUEST		Get Owner	1620149977260	1620149999479	OK	 
REQUEST		Get Owner	1620150929483	1620150951777	OK	 
REQUEST		Get Owner	1620151881780	1620151904772	OK	 
REQUEST		Get Owner	1620152834775	1620152857077	OK	 
REQUEST		Get Owner	1620153787080	1620153787267	OK	 
REQUEST		Get Owner	1620154717269	1620154739674	OK	 
REQUEST		Get Owner	1620155669677	1620155669827	OK	 
REQUEST		Get Owner	1620156599830	1620156621690	OK	 
REQUEST		Get Owner	1620157551693	1620157551818	OK	 
REQUEST		Get Owner	1620158481823	1620158482045	OK	 
REQUEST		Get Owner	1620159412049	1620159433961	OK	 
REQUEST		Get Owner	1620160363964	1620160387063	OK	 
REQUEST		Get Owner	1620161317066	1620161340102	OK	 
REQUEST		Get Owner	1620162270105	1620162292091	OK	 
REQUEST		Get Owner	1620163222093	1620163244398	OK	 
REQUEST		Get Owner	1620164174401	1620164196594	OK	 
REQUEST		Get Owner	1620165126596	1620165149463	OK	 
REQUEST		Get Owner	1620166079465	1620166101971	OK	 
REQUEST		Get Owner	1620167031974	1620167055376	OK	 
REQUEST		Get Owner	1620167985380	1620168007972	OK	 
REQUEST		Get Owner	1620168937977	1620168960995	OK	 
REQUEST		Get Owner	1620169890999	1620169913158	OK	 
REQUEST		Get Owner	1620170843161	1620170865867	OK	 
REQUEST		Get Owner	1620171795870	1620171818472	OK	 
REQUEST		Get Owner	1620172748475	1620172770368	OK	 
REQUEST		Get Owner	1620173700372	1620173723003	OK	 
REQUEST		Get Owner	1620174653009	1620174681192	OK	 
REQUEST		Get Owner	1620175611197	1620175611240	KO	status.find.in(200,201,202,203,204,205,206,207,208,209,304), found 500
REQUEST		Get Owner	1620176541254	1620176567266	OK	 
REQUEST		Get Owner	1620177497269	1620177520293	OK	 
REQUEST		Get Owner	1620178450296	1620178472773	OK	 
REQUEST		Get Owner	1620179402776	1620179425880	OK	 
REQUEST		Get Owner	1620180355884	1620180378862	OK	 
REQUEST		Get Owner	1620181308865	1620181308994	OK	 
REQUEST		Get Owner	1620182238997	1620182260862	OK	 
REQUEST		Get Owner	1620183190865	1620183213305	OK	 
REQUEST		Get Owner	1620184143308	1620184166368	OK	 
REQUEST		Get Owner	1620185096370	1620185119794	OK	 
REQUEST		Get Owner	1620186049797	1620186049947	OK	 
REQUEST		Get Owner	1620186979950	1620187002211	OK	 
REQUEST		Get Owner	1620187932215	1620187954770	OK	 
REQUEST		Get Owner	1620188884774	1620188906985	OK	 
REQUEST		Get Owner	1620189836988	1620189859389	OK	 
REQUEST		Get Owner	1620190789392	1620190812101	OK	 
REQUEST		Get Owner	1620191742103	1620191764887	OK	 
REQUEST		Get Owner	1620192694891	1620192717667	OK	 
REQUEST		Get Owner	1620193647670	1620193669985	OK	 
REQUEST		Get Owner	1620194599989	1620194622176	OK	 
REQUEST		Get Owner	1620195552179	1620195574954	OK	 
REQUEST		Get Owner	1620196504957	1620196528005	OK	 
REQUEST		Get Owner	1620197458009	1620197458124	OK	 
REQUEST		Get Owner	1620198388126	1620198411467	OK	 
REQUEST		Get Owner	1620199341469	1620199364971	OK	 
REQUEST		Get Owner	1620200294974	1620200317979	OK	 
REQUEST		Get Owner	1620201247981	1620201270593	OK	 
REQUEST		Get Owner	1620202200596	1620202223257	OK	 
REQUEST		Get Owner	1620203153260	1620203176697	OK	 
REQUEST		Get Owner	1620204106700	1620204128969	OK	 
REQUEST		Get Owner	1620205058972	1620205081272	OK	 
REQUEST		Get Owner	1620206011276	1620206033770	OK	 
REQUEST		Get Owner	1620206963773	1620206986394	OK	 
REQUEST		Get Owner	1620207916396	1620207938874	OK	 
REQUEST		Get Owner	1620208868877	1620208891670	OK	 
REQUEST		Get Owner	1620209821672	1620209844391	OK	 
REQUEST		Get Owner	1620210774393	1620210797604	OK	 
REQUEST		Get Owner	1620211727607	1620211751291	OK	 
REQUEST		Get Owner	1620212681293	1620212704595	OK	 
REQUEST		Get Owner	1620213634598	1620213657721	OK	 
REQUEST		Get Owner	1620214587725	1620214610661	OK	 
REQUEST		Get Owner	1620215540663	1620215562686	OK	 
REQUEST		Get Owner	1620216492691	1620216515172	OK	 
REQUEST		Get Owner	1620217445175	1620217468562	OK	 
REQUEST		Get Owner	1620218398565	1620218398688	OK	 
REQUEST		Get Owner	1620219328690	1620219328879	OK	 
REQUEST		Get Owner	1620220258882	1620220281675	OK	 
REQUEST		Get Owner	1620221211678	1620221234377	OK	 
REQUEST		Get Owner	1620222164379	1620222186697	OK	 
REQUEST		Get Owner	1620223116700	1620223139494	OK	 
REQUEST		Get Owner	1620224069497	1620224092781	OK	 
REQUEST		Get Owner	1620225022784	1620225045103	OK	 
REQUEST		Get Owner	1620225975106	1620225997353	OK	 
REQUEST		Get Owner	1620226927356	1620226950369	OK	 
REQUEST		Get Owner	1620227880373	1620227903295	OK	 
REQUEST		Get Owner	1620228833298	1620228855488	OK	 
REQUEST		Get Owner	1620229785491	1620229809371	OK	 
REQUEST		Get Owner	1620230739374	1620230763196	OK	 
REQUEST		Get Owner	1620231693199	1620231715598	OK	 
REQUEST		Get Owner	1620232645604	1620232669574	OK	 
REQUEST		Get Owner	1620233599580	1620233622593	OK	 
REQUEST		Get Owner	1620234552597	1620234576003	OK	 
REQUEST		Get Owner	1620235506007	1620235528665	OK	 
REQUEST		Get Owner	1620236458668	1620236458786	OK	 
REQUEST		Get Owner	1620237388791	1620237411095	OK	 
REQUEST		Get Owner	1620238341099	1620238363560	OK	 
REQUEST		Get Owner	1620239293564	1620239316557	OK	 
REQUEST		Get Owner	1620240246561	1620240268911	OK	 
REQUEST		Get Owner	1620241198916	1620241221756	OK	 
REQUEST		Get Owner	1620242151762	1620242174481	OK	 
REQUEST		Get Owner	1620243104485	1620243104598	OK	 
REQUEST		Get Owner	1620244034603	1620244057699	OK	 
REQUEST		Get Owner	1620244987704	1620245010758	OK	 
REQUEST		Get Owner	1620245940763	1620245940931	OK	 
REQUEST		Get Owner	1620246870935	1620246895826	OK	 
REQUEST		Get Owner	1620247825832	1620247848960	OK	 
USER	Google Cloud Run - Spring Petclinic Slim JVM - Cold Start Testing	END	1620248778972
