RUN	com.mpbauer.serverless.samples.cloudrun.QuarkusPetclinicCloudRunJVMColdStart	quarkuspetcliniccloudrunjvmcoldstart	1619868214239	 	3.5.1
USER	Google Cloud Run - Quarkus Petclinic JVM - Cold Start Testing	START	1619868217960
REQUEST		Get Owner	1619868218008	1619868228430	OK	 
REQUEST		Get Owner	1619869158477	1619869167773	OK	 
REQUEST		Get Owner	1619870097776	1619870107284	OK	 
REQUEST		Get Owner	1619871037286	1619871046490	OK	 
REQUEST		Get Owner	1619871976496	1619871985964	OK	 
REQUEST		Get Owner	1619872915966	1619872925602	OK	 
REQUEST		Get Owner	1619873855605	1619873864882	OK	 
REQUEST		Get Owner	1619874794885	1619874804471	OK	 
REQUEST		Get Owner	1619875734473	1619875743877	OK	 
REQUEST		Get Owner	1619876673879	1619876683081	OK	 
REQUEST		Get Owner	1619877613083	1619877622093	OK	 
REQUEST		Get Owner	1619878552096	1619878562969	OK	 
REQUEST		Get Owner	1619879492971	1619879502192	OK	 
REQUEST		Get Owner	1619880432195	1619880441689	OK	 
REQUEST		Get Owner	1619881371691	1619881380594	OK	 
REQUEST		Get Owner	1619882310597	1619882320401	OK	 
REQUEST		Get Owner	1619883250404	1619883263792	OK	 
REQUEST		Get Owner	1619884193794	1619884202992	OK	 
REQUEST		Get Owner	1619885132994	1619885141463	OK	 
REQUEST		Get Owner	1619886071465	1619886079985	OK	 
REQUEST		Get Owner	1619887009987	1619887018475	OK	 
REQUEST		Get Owner	1619887948478	1619887956982	OK	 
REQUEST		Get Owner	1619888886984	1619888895488	OK	 
REQUEST		Get Owner	1619889825491	1619889834693	OK	 
REQUEST		Get Owner	1619890764696	1619890773173	OK	 
REQUEST		Get Owner	1619891703175	1619891711479	OK	 
REQUEST		Get Owner	1619892641481	1619892650169	OK	 
REQUEST		Get Owner	1619893580172	1619893588472	OK	 
REQUEST		Get Owner	1619894518475	1619894526973	OK	 
REQUEST		Get Owner	1619895456975	1619895465297	OK	 
REQUEST		Get Owner	1619896395300	1619896404154	OK	 
REQUEST		Get Owner	1619897334157	1619897342875	OK	 
REQUEST		Get Owner	1619898272878	1619898281496	OK	 
REQUEST		Get Owner	1619899211499	1619899220486	OK	 
REQUEST		Get Owner	1619900150488	1619900158985	OK	 
REQUEST		Get Owner	1619901088987	1619901097279	OK	 
REQUEST		Get Owner	1619902027281	1619902035691	OK	 
REQUEST		Get Owner	1619902965694	1619902965961	OK	 
REQUEST		Get Owner	1619903895963	1619903904795	OK	 
REQUEST		Get Owner	1619904834798	1619904843197	OK	 
REQUEST		Get Owner	1619905773199	1619905781891	OK	 
REQUEST		Get Owner	1619906711893	1619906721278	OK	 
REQUEST		Get Owner	1619907651281	1619907659981	OK	 
REQUEST		Get Owner	1619908589983	1619908598661	OK	 
REQUEST		Get Owner	1619909528663	1619909537571	OK	 
REQUEST		Get Owner	1619910467574	1619910476256	OK	 
REQUEST		Get Owner	1619911406259	1619911415180	OK	 
REQUEST		Get Owner	1619912345183	1619912354161	OK	 
REQUEST		Get Owner	1619913284164	1619913293087	OK	 
REQUEST		Get Owner	1619914223090	1619914231580	OK	 
REQUEST		Get Owner	1619915161583	1619915170276	OK	 
REQUEST		Get Owner	1619916100279	1619916108671	OK	 
REQUEST		Get Owner	1619917038674	1619917047066	OK	 
REQUEST		Get Owner	1619917977068	1619917985674	OK	 
REQUEST		Get Owner	1619918915676	1619918924167	OK	 
REQUEST		Get Owner	1619919854170	1619919862582	OK	 
REQUEST		Get Owner	1619920792585	1619920801260	OK	 
REQUEST		Get Owner	1619921731263	1619921739856	OK	 
REQUEST		Get Owner	1619922669859	1619922678494	OK	 
REQUEST		Get Owner	1619923608496	1619923617079	OK	 
REQUEST		Get Owner	1619924547082	1619924555775	OK	 
REQUEST		Get Owner	1619925485778	1619925494077	OK	 
REQUEST		Get Owner	1619926424080	1619926432771	OK	 
REQUEST		Get Owner	1619927362774	1619927371374	OK	 
REQUEST		Get Owner	1619928301376	1619928309874	OK	 
REQUEST		Get Owner	1619929239878	1619929248181	OK	 
REQUEST		Get Owner	1619930178184	1619930186674	OK	 
REQUEST		Get Owner	1619931116678	1619931124991	OK	 
REQUEST		Get Owner	1619932054994	1619932063574	OK	 
REQUEST		Get Owner	1619932993576	1619933001987	OK	 
REQUEST		Get Owner	1619933931989	1619933940463	OK	 
REQUEST		Get Owner	1619934870466	1619934878889	OK	 
REQUEST		Get Owner	1619935808892	1619935817976	OK	 
REQUEST		Get Owner	1619936747979	1619936756459	OK	 
REQUEST		Get Owner	1619937686462	1619937694894	OK	 
REQUEST		Get Owner	1619938624897	1619938633187	OK	 
REQUEST		Get Owner	1619939563191	1619939572304	OK	 
REQUEST		Get Owner	1619940502306	1619940510980	OK	 
REQUEST		Get Owner	1619941440984	1619941449570	OK	 
REQUEST		Get Owner	1619942379574	1619942387995	OK	 
REQUEST		Get Owner	1619943317999	1619943326489	OK	 
REQUEST		Get Owner	1619944256493	1619944264781	OK	 
REQUEST		Get Owner	1619945194784	1619945203177	OK	 
REQUEST		Get Owner	1619946133181	1619946141557	OK	 
REQUEST		Get Owner	1619947071560	1619947080195	OK	 
REQUEST		Get Owner	1619948010198	1619948018590	OK	 
REQUEST		Get Owner	1619948948592	1619948957077	OK	 
REQUEST		Get Owner	1619949887080	1619949895669	OK	 
REQUEST		Get Owner	1619950825671	1619950834165	OK	 
REQUEST		Get Owner	1619951764168	1619951772965	OK	 
REQUEST		Get Owner	1619952702969	1619952711498	OK	 
REQUEST		Get Owner	1619953641500	1619953649777	OK	 
REQUEST		Get Owner	1619954579780	1619954588305	OK	 
REQUEST		Get Owner	1619955518308	1619955528700	OK	 
REQUEST		Get Owner	1619956458704	1619956468014	OK	 
REQUEST		Get Owner	1619957398017	1619957407383	OK	 
REQUEST		Get Owner	1619958337389	1619958346894	OK	 
REQUEST		Get Owner	1619959276897	1619959277215	OK	 
REQUEST		Get Owner	1619960207218	1619960216889	OK	 
REQUEST		Get Owner	1619961146892	1619961155994	OK	 
REQUEST		Get Owner	1619962085997	1619962095384	OK	 
REQUEST		Get Owner	1619963025386	1619963034482	OK	 
REQUEST		Get Owner	1619963964484	1619963973562	OK	 
REQUEST		Get Owner	1619964903565	1619964912791	OK	 
REQUEST		Get Owner	1619965842795	1619965851886	OK	 
REQUEST		Get Owner	1619966781889	1619966791197	OK	 
REQUEST		Get Owner	1619967721199	1619967730488	OK	 
REQUEST		Get Owner	1619968660491	1619968669475	OK	 
REQUEST		Get Owner	1619969599478	1619969608693	OK	 
REQUEST		Get Owner	1619970538695	1619970538903	OK	 
REQUEST		Get Owner	1619971468905	1619971478478	OK	 
REQUEST		Get Owner	1619972408480	1619972417786	OK	 
REQUEST		Get Owner	1619973347788	1619973357578	OK	 
REQUEST		Get Owner	1619974287580	1619974296867	OK	 
REQUEST		Get Owner	1619975226869	1619975235892	OK	 
REQUEST		Get Owner	1619976165893	1619976175200	OK	 
REQUEST		Get Owner	1619977105202	1619977114294	OK	 
REQUEST		Get Owner	1619978044296	1619978053399	OK	 
REQUEST		Get Owner	1619978983400	1619978992589	OK	 
REQUEST		Get Owner	1619979922591	1619979931901	OK	 
REQUEST		Get Owner	1619980861903	1619980862225	OK	 
REQUEST		Get Owner	1619981792227	1619981801295	OK	 
REQUEST		Get Owner	1619982731298	1619982741373	OK	 
REQUEST		Get Owner	1619983671375	1619983680975	OK	 
REQUEST		Get Owner	1619984610977	1619984620497	OK	 
REQUEST		Get Owner	1619985550499	1619985559888	OK	 
REQUEST		Get Owner	1619986489891	1619986499469	OK	 
REQUEST		Get Owner	1619987429474	1619987438578	OK	 
REQUEST		Get Owner	1619988368581	1619988377702	OK	 
REQUEST		Get Owner	1619989307704	1619989317381	OK	 
REQUEST		Get Owner	1619990247383	1619990247599	OK	 
REQUEST		Get Owner	1619991177601	1619991187400	OK	 
REQUEST		Get Owner	1619992117402	1619992129671	OK	 
REQUEST		Get Owner	1619993059673	1619993068785	OK	 
REQUEST		Get Owner	1619993998787	1619994008297	OK	 
REQUEST		Get Owner	1619994938299	1619994947874	OK	 
REQUEST		Get Owner	1619995877877	1619995886980	OK	 
REQUEST		Get Owner	1619996816982	1619996826384	OK	 
REQUEST		Get Owner	1619997756387	1619997765568	OK	 
REQUEST		Get Owner	1619998695570	1619998704999	OK	 
REQUEST		Get Owner	1619999635001	1619999644392	OK	 
REQUEST		Get Owner	1620000574394	1620000583990	OK	 
REQUEST		Get Owner	1620001513992	1620001523804	OK	 
REQUEST		Get Owner	1620002453807	1620002463380	OK	 
REQUEST		Get Owner	1620003393382	1620003403087	OK	 
REQUEST		Get Owner	1620004333089	1620004342275	OK	 
REQUEST		Get Owner	1620005272277	1620005281489	OK	 
REQUEST		Get Owner	1620006211491	1620006220492	OK	 
REQUEST		Get Owner	1620007150494	1620007159674	OK	 
REQUEST		Get Owner	1620008089676	1620008098462	OK	 
REQUEST		Get Owner	1620009028464	1620009037704	OK	 
REQUEST		Get Owner	1620009967706	1620009977275	OK	 
REQUEST		Get Owner	1620010907277	1620010916701	OK	 
REQUEST		Get Owner	1620011846703	1620011855884	OK	 
REQUEST		Get Owner	1620012785886	1620012795258	OK	 
REQUEST		Get Owner	1620013725260	1620013725321	KO	status.find.in(200,201,202,203,204,205,206,207,208,209,304), found 500
REQUEST		Get Owner	1620014655347	1620014664091	OK	 
REQUEST		Get Owner	1620015594093	1620015602772	OK	 
REQUEST		Get Owner	1620016532774	1620016533046	OK	 
REQUEST		Get Owner	1620017463048	1620017472574	OK	 
REQUEST		Get Owner	1620018402576	1620018411481	OK	 
REQUEST		Get Owner	1620019341484	1620019350661	OK	 
REQUEST		Get Owner	1620020280664	1620020290106	OK	 
REQUEST		Get Owner	1620021220108	1620021229785	OK	 
REQUEST		Get Owner	1620022159787	1620022168861	OK	 
REQUEST		Get Owner	1620023098863	1620023108085	OK	 
REQUEST		Get Owner	1620024038087	1620024047257	OK	 
REQUEST		Get Owner	1620024977260	1620024986688	OK	 
REQUEST		Get Owner	1620025916690	1620025926596	OK	 
REQUEST		Get Owner	1620026856598	1620026856957	OK	 
REQUEST		Get Owner	1620027786960	1620027796675	OK	 
REQUEST		Get Owner	1620028726677	1620028737077	OK	 
REQUEST		Get Owner	1620029667080	1620029676262	OK	 
REQUEST		Get Owner	1620030606265	1620030615003	OK	 
REQUEST		Get Owner	1620031545006	1620031545272	OK	 
REQUEST		Get Owner	1620032475274	1620032484682	OK	 
REQUEST		Get Owner	1620033414684	1620033423580	OK	 
REQUEST		Get Owner	1620034353582	1620034364065	OK	 
REQUEST		Get Owner	1620035294068	1620035303187	OK	 
REQUEST		Get Owner	1620036233190	1620036243680	OK	 
REQUEST		Get Owner	1620037173683	1620037182287	OK	 
REQUEST		Get Owner	1620038112290	1620038121260	OK	 
REQUEST		Get Owner	1620039051263	1620039060058	OK	 
REQUEST		Get Owner	1620039990060	1620039998980	OK	 
REQUEST		Get Owner	1620040928983	1620040937886	OK	 
REQUEST		Get Owner	1620041867889	1620041876291	OK	 
REQUEST		Get Owner	1620042806293	1620042815469	OK	 
REQUEST		Get Owner	1620043745471	1620043745795	OK	 
REQUEST		Get Owner	1620044675799	1620044684586	OK	 
REQUEST		Get Owner	1620045614589	1620045623786	OK	 
REQUEST		Get Owner	1620046553789	1620046562882	OK	 
REQUEST		Get Owner	1620047492885	1620047502186	OK	 
REQUEST		Get Owner	1620048432190	1620048441360	OK	 
REQUEST		Get Owner	1620049371363	1620049379982	OK	 
REQUEST		Get Owner	1620050309984	1620050319577	OK	 
REQUEST		Get Owner	1620051249579	1620051249904	OK	 
REQUEST		Get Owner	1620052179906	1620052180168	OK	 
REQUEST		Get Owner	1620053110170	1620053119257	OK	 
REQUEST		Get Owner	1620054049259	1620054057791	OK	 
REQUEST		Get Owner	1620054987793	1620054996676	OK	 
REQUEST		Get Owner	1620055926678	1620055935597	OK	 
REQUEST		Get Owner	1620056865599	1620056874179	OK	 
REQUEST		Get Owner	1620057804181	1620057812459	OK	 
REQUEST		Get Owner	1620058742463	1620058751196	OK	 
REQUEST		Get Owner	1620059681198	1620059690861	OK	 
REQUEST		Get Owner	1620060620864	1620060621081	OK	 
REQUEST		Get Owner	1620061551084	1620061561383	OK	 
REQUEST		Get Owner	1620062491386	1620062500097	OK	 
REQUEST		Get Owner	1620063430099	1620063440216	OK	 
REQUEST		Get Owner	1620064370218	1620064378593	OK	 
REQUEST		Get Owner	1620065308595	1620065317695	OK	 
REQUEST		Get Owner	1620066247698	1620066256489	OK	 
REQUEST		Get Owner	1620067186492	1620067186858	OK	 
REQUEST		Get Owner	1620068116860	1620068125281	OK	 
REQUEST		Get Owner	1620069055285	1620069064078	OK	 
REQUEST		Get Owner	1620069994081	1620070002961	OK	 
REQUEST		Get Owner	1620070932965	1620070933208	OK	 
REQUEST		Get Owner	1620071863211	1620071872091	OK	 
REQUEST		Get Owner	1620072802094	1620072810475	OK	 
REQUEST		Get Owner	1620073740477	1620073749574	OK	 
REQUEST		Get Owner	1620074679577	1620074688673	OK	 
REQUEST		Get Owner	1620075618676	1620075627277	OK	 
REQUEST		Get Owner	1620076557280	1620076566091	OK	 
REQUEST		Get Owner	1620077496094	1620077504958	OK	 
REQUEST		Get Owner	1620078434961	1620078444378	OK	 
REQUEST		Get Owner	1620079374381	1620079382884	OK	 
REQUEST		Get Owner	1620080312888	1620080321481	OK	 
REQUEST		Get Owner	1620081251484	1620081261481	OK	 
REQUEST		Get Owner	1620082191484	1620082191789	OK	 
REQUEST		Get Owner	1620083121792	1620083122001	OK	 
REQUEST		Get Owner	1620084052004	1620084052248	OK	 
REQUEST		Get Owner	1620084982251	1620084990801	OK	 
REQUEST		Get Owner	1620085920804	1620085929170	OK	 
REQUEST		Get Owner	1620086859174	1620086867595	OK	 
REQUEST		Get Owner	1620087797598	1620087806464	OK	 
REQUEST		Get Owner	1620088736467	1620088745084	OK	 
REQUEST		Get Owner	1620089675087	1620089683880	OK	 
REQUEST		Get Owner	1620090613882	1620090622483	OK	 
REQUEST		Get Owner	1620091552484	1620091561090	OK	 
REQUEST		Get Owner	1620092491092	1620092503858	OK	 
REQUEST		Get Owner	1620093433860	1620093442675	OK	 
REQUEST		Get Owner	1620094372678	1620094381160	OK	 
REQUEST		Get Owner	1620095311162	1620095320066	OK	 
REQUEST		Get Owner	1620096250068	1620096258496	OK	 
REQUEST		Get Owner	1620097188498	1620097196907	OK	 
REQUEST		Get Owner	1620098126909	1620098135386	OK	 
REQUEST		Get Owner	1620099065389	1620099073965	OK	 
REQUEST		Get Owner	1620100003967	1620100012261	OK	 
REQUEST		Get Owner	1620100942263	1620100942572	OK	 
REQUEST		Get Owner	1620101872574	1620101880763	OK	 
REQUEST		Get Owner	1620102810766	1620102818975	OK	 
REQUEST		Get Owner	1620103748977	1620103749189	OK	 
REQUEST		Get Owner	1620104679191	1620104687296	OK	 
REQUEST		Get Owner	1620105617298	1620105625674	OK	 
REQUEST		Get Owner	1620106555677	1620106563984	OK	 
REQUEST		Get Owner	1620107493987	1620107502477	OK	 
REQUEST		Get Owner	1620108432480	1620108440685	OK	 
REQUEST		Get Owner	1620109370688	1620109379166	OK	 
REQUEST		Get Owner	1620110309168	1620110317461	OK	 
REQUEST		Get Owner	1620111247464	1620111255567	OK	 
REQUEST		Get Owner	1620112185570	1620112185870	OK	 
REQUEST		Get Owner	1620113115872	1620113124184	OK	 
REQUEST		Get Owner	1620114054186	1620114062464	OK	 
REQUEST		Get Owner	1620114992466	1620115000868	OK	 
REQUEST		Get Owner	1620115930869	1620115931096	OK	 
REQUEST		Get Owner	1620116861098	1620116869282	OK	 
REQUEST		Get Owner	1620117799284	1620117799483	OK	 
REQUEST		Get Owner	1620118729486	1620118737877	OK	 
REQUEST		Get Owner	1620119667878	1620119676457	OK	 
REQUEST		Get Owner	1620120606459	1620120615274	OK	 
REQUEST		Get Owner	1620121545276	1620121545605	OK	 
REQUEST		Get Owner	1620122475607	1620122486472	OK	 
REQUEST		Get Owner	1620123416474	1620123416861	OK	 
REQUEST		Get Owner	1620124346863	1620124355397	OK	 
REQUEST		Get Owner	1620125285399	1620125296393	OK	 
REQUEST		Get Owner	1620126226395	1620126234758	OK	 
REQUEST		Get Owner	1620127164760	1620127173464	OK	 
REQUEST		Get Owner	1620128103466	1620128113079	OK	 
REQUEST		Get Owner	1620129043081	1620129052289	OK	 
REQUEST		Get Owner	1620129982292	1620129990987	OK	 
REQUEST		Get Owner	1620130920989	1620130929465	OK	 
REQUEST		Get Owner	1620131859467	1620131867684	OK	 
REQUEST		Get Owner	1620132797686	1620132805863	OK	 
REQUEST		Get Owner	1620133735865	1620133744085	OK	 
REQUEST		Get Owner	1620134674088	1620134682660	OK	 
REQUEST		Get Owner	1620135612662	1620135621560	OK	 
REQUEST		Get Owner	1620136551562	1620136560296	OK	 
REQUEST		Get Owner	1620137490298	1620137498477	OK	 
REQUEST		Get Owner	1620138428479	1620138440616	OK	 
REQUEST		Get Owner	1620139370618	1620139378784	OK	 
REQUEST		Get Owner	1620140308788	1620140317161	OK	 
REQUEST		Get Owner	1620141247163	1620141247374	OK	 
REQUEST		Get Owner	1620142177376	1620142185972	OK	 
REQUEST		Get Owner	1620143115974	1620143116295	OK	 
REQUEST		Get Owner	1620144046297	1620144054854	OK	 
REQUEST		Get Owner	1620144984857	1620144985078	OK	 
REQUEST		Get Owner	1620145915080	1620145923661	OK	 
REQUEST		Get Owner	1620146853663	1620146861954	OK	 
REQUEST		Get Owner	1620147791957	1620147800275	OK	 
REQUEST		Get Owner	1620148730278	1620148738359	OK	 
REQUEST		Get Owner	1620149668362	1620149668579	OK	 
REQUEST		Get Owner	1620150598582	1620150606692	OK	 
REQUEST		Get Owner	1620151536695	1620151536975	OK	 
REQUEST		Get Owner	1620152466977	1620152475589	OK	 
REQUEST		Get Owner	1620153405591	1620153413687	OK	 
REQUEST		Get Owner	1620154343689	1620154352364	OK	 
REQUEST		Get Owner	1620155282366	1620155290699	OK	 
REQUEST		Get Owner	1620156220701	1620156220957	OK	 
REQUEST		Get Owner	1620157150959	1620157159296	OK	 
REQUEST		Get Owner	1620158089298	1620158089675	OK	 
REQUEST		Get Owner	1620159019678	1620159028485	OK	 
REQUEST		Get Owner	1620159958488	1620159966474	OK	 
REQUEST		Get Owner	1620160896476	1620160896752	OK	 
REQUEST		Get Owner	1620161826754	1620161827080	OK	 
REQUEST		Get Owner	1620162757082	1620162765365	OK	 
REQUEST		Get Owner	1620163695368	1620163704081	OK	 
REQUEST		Get Owner	1620164634083	1620164642380	OK	 
REQUEST		Get Owner	1620165572383	1620165580667	OK	 
REQUEST		Get Owner	1620166510669	1620166519182	OK	 
REQUEST		Get Owner	1620167449186	1620167449399	OK	 
REQUEST		Get Owner	1620168379405	1620168387665	OK	 
REQUEST		Get Owner	1620169317670	1620169325976	OK	 
REQUEST		Get Owner	1620170255981	1620170256269	OK	 
REQUEST		Get Owner	1620171186274	1620171194773	OK	 
REQUEST		Get Owner	1620172124778	1620172133283	OK	 
REQUEST		Get Owner	1620173063288	1620173071659	OK	 
REQUEST		Get Owner	1620174001663	1620174010096	OK	 
REQUEST		Get Owner	1620174940100	1620174951591	OK	 
REQUEST		Get Owner	1620175881594	1620175890896	OK	 
REQUEST		Get Owner	1620176820899	1620176829573	OK	 
REQUEST		Get Owner	1620177759576	1620177767884	OK	 
REQUEST		Get Owner	1620178697888	1620178706192	OK	 
REQUEST		Get Owner	1620179636197	1620179644287	OK	 
REQUEST		Get Owner	1620180574291	1620180582661	OK	 
REQUEST		Get Owner	1620181512664	1620181521068	OK	 
REQUEST		Get Owner	1620182451071	1620182451280	OK	 
REQUEST		Get Owner	1620183381283	1620183389873	OK	 
REQUEST		Get Owner	1620184319876	1620184320083	OK	 
REQUEST		Get Owner	1620185250086	1620185258557	OK	 
REQUEST		Get Owner	1620186188559	1620186196761	OK	 
REQUEST		Get Owner	1620187126765	1620187135191	OK	 
REQUEST		Get Owner	1620188065194	1620188073466	OK	 
REQUEST		Get Owner	1620189003469	1620189012804	OK	 
REQUEST		Get Owner	1620189942806	1620189951067	OK	 
REQUEST		Get Owner	1620190881069	1620190889491	OK	 
REQUEST		Get Owner	1620191819496	1620191827991	OK	 
REQUEST		Get Owner	1620192757994	1620192766283	OK	 
REQUEST		Get Owner	1620193696287	1620193704688	OK	 
REQUEST		Get Owner	1620194634691	1620194642967	OK	 
REQUEST		Get Owner	1620195572970	1620195581187	OK	 
REQUEST		Get Owner	1620196511190	1620196511408	OK	 
REQUEST		Get Owner	1620197441412	1620197450288	OK	 
REQUEST		Get Owner	1620198380293	1620198389170	OK	 
REQUEST		Get Owner	1620199319173	1620199328260	OK	 
REQUEST		Get Owner	1620200258262	1620200266757	OK	 
REQUEST		Get Owner	1620201196760	1620201205061	OK	 
REQUEST		Get Owner	1620202135066	1620202135329	OK	 
REQUEST		Get Owner	1620203065332	1620203073872	OK	 
REQUEST		Get Owner	1620204003877	1620204004093	OK	 
REQUEST		Get Owner	1620204934096	1620204942364	OK	 
REQUEST		Get Owner	1620205872368	1620205880804	OK	 
REQUEST		Get Owner	1620206810809	1620206819266	OK	 
REQUEST		Get Owner	1620207749271	1620207757769	OK	 
REQUEST		Get Owner	1620208687774	1620208696161	OK	 
REQUEST		Get Owner	1620209626165	1620209634383	OK	 
REQUEST		Get Owner	1620210564386	1620210573171	OK	 
REQUEST		Get Owner	1620211503176	1620211511689	OK	 
REQUEST		Get Owner	1620212441692	1620212449899	OK	 
REQUEST		Get Owner	1620213379904	1620213388389	OK	 
REQUEST		Get Owner	1620214318394	1620214326484	OK	 
REQUEST		Get Owner	1620215256487	1620215264676	OK	 
REQUEST		Get Owner	1620216194681	1620216202706	OK	 
REQUEST		Get Owner	1620217132709	1620217141067	OK	 
REQUEST		Get Owner	1620218071070	1620218079301	OK	 
REQUEST		Get Owner	1620219009305	1620219017583	OK	 
REQUEST		Get Owner	1620219947589	1620219955974	OK	 
REQUEST		Get Owner	1620220885978	1620220894557	OK	 
REQUEST		Get Owner	1620221824563	1620221832994	OK	 
REQUEST		Get Owner	1620222762996	1620222771483	OK	 
REQUEST		Get Owner	1620223701484	1620223709904	OK	 
REQUEST		Get Owner	1620224639906	1620224648466	OK	 
REQUEST		Get Owner	1620225578469	1620225586568	OK	 
REQUEST		Get Owner	1620226516573	1620226524865	OK	 
REQUEST		Get Owner	1620227454869	1620227463091	OK	 
REQUEST		Get Owner	1620228393095	1620228401459	OK	 
REQUEST		Get Owner	1620229331463	1620229339875	OK	 
REQUEST		Get Owner	1620230269879	1620230278468	OK	 
REQUEST		Get Owner	1620231208470	1620231216796	OK	 
REQUEST		Get Owner	1620232146798	1620232155074	OK	 
REQUEST		Get Owner	1620233085076	1620233085438	OK	 
REQUEST		Get Owner	1620234015442	1620234024197	OK	 
REQUEST		Get Owner	1620234954200	1620234963301	OK	 
REQUEST		Get Owner	1620235893303	1620235902205	OK	 
REQUEST		Get Owner	1620236832207	1620236840563	OK	 
REQUEST		Get Owner	1620237770565	1620237778870	OK	 
REQUEST		Get Owner	1620238708873	1620238717464	OK	 
REQUEST		Get Owner	1620239647469	1620239655794	OK	 
REQUEST		Get Owner	1620240585798	1620240594281	OK	 
REQUEST		Get Owner	1620241524286	1620241524577	OK	 
REQUEST		Get Owner	1620242454581	1620242462875	OK	 
USER	Google Cloud Run - Quarkus Petclinic JVM - Cold Start Testing	END	1620243392886
